Compiling the C compiler identification source file "CMakeCCompilerId.c" failed.
Compiler: /usr/bin/cc 
Build flags: 
Id flags: 

The output was:
No such file or directory


Compiling the C compiler identification source file "CMakeCCompilerId.c" failed.
Compiler: /usr/bin/cc 
Build flags: 
Id flags: -c

The output was:
No such file or directory


Compiling the C compiler identification source file "CMakeCCompilerId.c" failed.
Compiler: /usr/bin/cc 
Build flags: 
Id flags: -Aa

The output was:
No such file or directory


Checking whether the C compiler is IAR using "" did not match "IAR .+ Compiler":
Compiling the CXX compiler identification source file "CMakeCXXCompilerId.cpp" failed.
Compiler: /usr/bin/c++ 
Build flags: 
Id flags: 

The output was:
No such file or directory


Compiling the CXX compiler identification source file "CMakeCXXCompilerId.cpp" failed.
Compiler: /usr/bin/c++ 
Build flags: 
Id flags: -c

The output was:
No such file or directory


Checking whether the CXX compiler is IAR using "" did not match "IAR .+ Compiler":
Compiling the C compiler identification source file "CMakeCCompilerId.c" failed.
Compiler: /usr/bin/cc 
Build flags: 
Id flags: 

The output was:
No such file or directory


Compiling the C compiler identification source file "CMakeCCompilerId.c" failed.
Compiler: /usr/bin/cc 
Build flags: 
Id flags: -c

The output was:
No such file or directory


Compiling the C compiler identification source file "CMakeCCompilerId.c" failed.
Compiler: /usr/bin/cc 
Build flags: 
Id flags: -Aa

The output was:
No such file or directory


Checking whether the C compiler is IAR using "" did not match "IAR .+ Compiler":
Compiling the CXX compiler identification source file "CMakeCXXCompilerId.cpp" failed.
Compiler: /usr/bin/c++ 
Build flags: 
Id flags: 

The output was:
1
c++: error trying to exec 'cc1plus': execvp: 没有那个文件或目录


Compiling the CXX compiler identification source file "CMakeCXXCompilerId.cpp" failed.
Compiler: /usr/bin/c++ 
Build flags: 
Id flags: -c

The output was:
1
c++: error trying to exec 'cc1plus': execvp: 没有那个文件或目录


Checking whether the CXX compiler is IAR using "" did not match "IAR .+ Compiler":
c++: 致命错误：没有输入文件
编译中断。
Determining if the CXX compiler works failed with the following output:
Change Dir: /home/innkp/tachyon/cpp/build/CMakeFiles/CMakeTmp

Run Build Command:"/usr/bin/make" "cmTryCompileExec296187365/fast"
/usr/bin/make -f CMakeFiles/cmTryCompileExec296187365.dir/build.make CMakeFiles/cmTryCompileExec296187365.dir/build
make[1]: Entering directory '/home/innkp/tachyon/cpp/build/CMakeFiles/CMakeTmp'
/usr/bin/cmake -E cmake_progress_report /home/innkp/tachyon/cpp/build/CMakeFiles/CMakeTmp/CMakeFiles 1
Building CXX object CMakeFiles/cmTryCompileExec296187365.dir/testCXXCompiler.cxx.o
/usr/bin/c++     -o CMakeFiles/cmTryCompileExec296187365.dir/testCXXCompiler.cxx.o -c /home/innkp/tachyon/cpp/build/CMakeFiles/CMakeTmp/testCXXCompiler.cxx
c++: error trying to exec 'cc1plus': execvp: 没有那个文件或目录
CMakeFiles/cmTryCompileExec296187365.dir/build.make:57: recipe for target 'CMakeFiles/cmTryCompileExec296187365.dir/testCXXCompiler.cxx.o' failed
make[1]: *** [CMakeFiles/cmTryCompileExec296187365.dir/testCXXCompiler.cxx.o] Error 1
make[1]: Leaving directory '/home/innkp/tachyon/cpp/build/CMakeFiles/CMakeTmp'
Makefile:118: recipe for target 'cmTryCompileExec296187365/fast' failed
make: *** [cmTryCompileExec296187365/fast] Error 2


Compiling the C compiler identification source file "CMakeCCompilerId.c" failed.
Compiler: /usr/bin/cc 
Build flags: 
Id flags: 

The output was:
No such file or directory


Compiling the C compiler identification source file "CMakeCCompilerId.c" failed.
Compiler: /usr/bin/cc 
Build flags: 
Id flags: -c

The output was:
No such file or directory


Compiling the C compiler identification source file "CMakeCCompilerId.c" failed.
Compiler: /usr/bin/cc 
Build flags: 
Id flags: -Aa

The output was:
No such file or directory


Checking whether the C compiler is IAR using "" did not match "IAR .+ Compiler":
Compiling the CXX compiler identification source file "CMakeCXXCompilerId.cpp" failed.
Compiler: /usr/bin/c++ 
Build flags: 
Id flags: 

The output was:
1
c++: error trying to exec 'cc1plus': execvp: 没有那个文件或目录


Compiling the CXX compiler identification source file "CMakeCXXCompilerId.cpp" failed.
Compiler: /usr/bin/c++ 
Build flags: 
Id flags: -c

The output was:
1
c++: error trying to exec 'cc1plus': execvp: 没有那个文件或目录


Checking whether the CXX compiler is IAR using "" did not match "IAR .+ Compiler":
c++: 致命错误：没有输入文件
编译中断。
Determining if the CXX compiler works failed with the following output:
Change Dir: /home/innkp/tachyon/cpp/build/CMakeFiles/CMakeTmp

Run Build Command:"/usr/bin/make" "cmTryCompileExec2964633187/fast"
/usr/bin/make -f CMakeFiles/cmTryCompileExec2964633187.dir/build.make CMakeFiles/cmTryCompileExec2964633187.dir/build
make[1]: Entering directory '/home/innkp/tachyon/cpp/build/CMakeFiles/CMakeTmp'
/usr/bin/cmake -E cmake_progress_report /home/innkp/tachyon/cpp/build/CMakeFiles/CMakeTmp/CMakeFiles 1
Building CXX object CMakeFiles/cmTryCompileExec2964633187.dir/testCXXCompiler.cxx.o
/usr/bin/c++     -o CMakeFiles/cmTryCompileExec2964633187.dir/testCXXCompiler.cxx.o -c /home/innkp/tachyon/cpp/build/CMakeFiles/CMakeTmp/testCXXCompiler.cxx
c++: error trying to exec 'cc1plus': execvp: 没有那个文件或目录
CMakeFiles/cmTryCompileExec2964633187.dir/build.make:57: recipe for target 'CMakeFiles/cmTryCompileExec2964633187.dir/testCXXCompiler.cxx.o' failed
make[1]: *** [CMakeFiles/cmTryCompileExec2964633187.dir/testCXXCompiler.cxx.o] Error 1
make[1]: Leaving directory '/home/innkp/tachyon/cpp/build/CMakeFiles/CMakeTmp'
Makefile:118: recipe for target 'cmTryCompileExec2964633187/fast' failed
make: *** [cmTryCompileExec2964633187/fast] Error 2


Compiling the C compiler identification source file "CMakeCCompilerId.c" failed.
Compiler: /usr/bin/cc 
Build flags: 
Id flags: 

The output was:
No such file or directory


Compiling the C compiler identification source file "CMakeCCompilerId.c" failed.
Compiler: /usr/bin/cc 
Build flags: 
Id flags: -c

The output was:
No such file or directory


Compiling the C compiler identification source file "CMakeCCompilerId.c" failed.
Compiler: /usr/bin/cc 
Build flags: 
Id flags: -Aa

The output was:
No such file or directory


Checking whether the C compiler is IAR using "" did not match "IAR .+ Compiler":
Compiling the CXX compiler identification source file "CMakeCXXCompilerId.cpp" failed.
Compiler: /usr/bin/c++ 
Build flags: 
Id flags: 

The output was:
1
c++: error trying to exec 'cc1plus': execvp: 没有那个文件或目录


Compiling the CXX compiler identification source file "CMakeCXXCompilerId.cpp" failed.
Compiler: /usr/bin/c++ 
Build flags: 
Id flags: -c

The output was:
1
c++: error trying to exec 'cc1plus': execvp: 没有那个文件或目录


Checking whether the CXX compiler is IAR using "" did not match "IAR .+ Compiler":
c++: 致命错误：没有输入文件
编译中断。
Determining if the CXX compiler works failed with the following output:
Change Dir: /home/innkp/tachyon/cpp/build/CMakeFiles/CMakeTmp

Run Build Command:"/usr/bin/make" "cmTryCompileExec3343987738/fast"
/usr/bin/make -f CMakeFiles/cmTryCompileExec3343987738.dir/build.make CMakeFiles/cmTryCompileExec3343987738.dir/build
make[1]: Entering directory '/home/innkp/tachyon/cpp/build/CMakeFiles/CMakeTmp'
/usr/bin/cmake -E cmake_progress_report /home/innkp/tachyon/cpp/build/CMakeFiles/CMakeTmp/CMakeFiles 1
Building CXX object CMakeFiles/cmTryCompileExec3343987738.dir/testCXXCompiler.cxx.o
/usr/bin/c++     -o CMakeFiles/cmTryCompileExec3343987738.dir/testCXXCompiler.cxx.o -c /home/innkp/tachyon/cpp/build/CMakeFiles/CMakeTmp/testCXXCompiler.cxx
c++: error trying to exec 'cc1plus': execvp: 没有那个文件或目录
CMakeFiles/cmTryCompileExec3343987738.dir/build.make:57: recipe for target 'CMakeFiles/cmTryCompileExec3343987738.dir/testCXXCompiler.cxx.o' failed
make[1]: *** [CMakeFiles/cmTryCompileExec3343987738.dir/testCXXCompiler.cxx.o] Error 1
make[1]: Leaving directory '/home/innkp/tachyon/cpp/build/CMakeFiles/CMakeTmp'
Makefile:118: recipe for target 'cmTryCompileExec3343987738/fast' failed
make: *** [cmTryCompileExec3343987738/fast] Error 2


Compiling the C compiler identification source file "CMakeCCompilerId.c" failed.
Compiler: /usr/bin/cc 
Build flags: 
Id flags: 

The output was:
No such file or directory


Compiling the C compiler identification source file "CMakeCCompilerId.c" failed.
Compiler: /usr/bin/cc 
Build flags: 
Id flags: -c

The output was:
No such file or directory


Compiling the C compiler identification source file "CMakeCCompilerId.c" failed.
Compiler: /usr/bin/cc 
Build flags: 
Id flags: -Aa

The output was:
No such file or directory


Checking whether the C compiler is IAR using "" did not match "IAR .+ Compiler":
Compiling the CXX compiler identification source file "CMakeCXXCompilerId.cpp" failed.
Compiler: /usr/bin/c++ 
Build flags: 
Id flags: 

The output was:
1
c++: error trying to exec 'cc1plus': execvp: 没有那个文件或目录


Compiling the CXX compiler identification source file "CMakeCXXCompilerId.cpp" failed.
Compiler: /usr/bin/c++ 
Build flags: 
Id flags: -c

The output was:
1
c++: error trying to exec 'cc1plus': execvp: 没有那个文件或目录


Checking whether the CXX compiler is IAR using "" did not match "IAR .+ Compiler":
c++: 致命错误：没有输入文件
编译中断。
Determining if the CXX compiler works failed with the following output:
Change Dir: /home/innkp/tachyon/cpp/build/CMakeFiles/CMakeTmp

Run Build Command:"/usr/bin/make" "cmTryCompileExec705518129/fast"
/usr/bin/make -f CMakeFiles/cmTryCompileExec705518129.dir/build.make CMakeFiles/cmTryCompileExec705518129.dir/build
make[1]: Entering directory '/home/innkp/tachyon/cpp/build/CMakeFiles/CMakeTmp'
/usr/bin/cmake -E cmake_progress_report /home/innkp/tachyon/cpp/build/CMakeFiles/CMakeTmp/CMakeFiles 1
Building CXX object CMakeFiles/cmTryCompileExec705518129.dir/testCXXCompiler.cxx.o
/usr/bin/c++     -o CMakeFiles/cmTryCompileExec705518129.dir/testCXXCompiler.cxx.o -c /home/innkp/tachyon/cpp/build/CMakeFiles/CMakeTmp/testCXXCompiler.cxx
c++: error trying to exec 'cc1plus': execvp: 没有那个文件或目录
CMakeFiles/cmTryCompileExec705518129.dir/build.make:57: recipe for target 'CMakeFiles/cmTryCompileExec705518129.dir/testCXXCompiler.cxx.o' failed
make[1]: Leaving directory '/home/innkp/tachyon/cpp/build/CMakeFiles/CMakeTmp'
make[1]: *** [CMakeFiles/cmTryCompileExec705518129.dir/testCXXCompiler.cxx.o] Error 1
Makefile:118: recipe for target 'cmTryCompileExec705518129/fast' failed
make: *** [cmTryCompileExec705518129/fast] Error 2


